TN:
SF:/Users/ens/pwd/uxcore/uxcore-button/src/Button.jsx
FN:3,(anonymous_1)
FN:21,_interopRequireDefault
FN:23,_defaults
FN:25,_defineProperty
FN:27,_objectWithoutProperties
FN:29,_classCallCheck
FN:31,_possibleConstructorReturn
FN:33,_inherits
FN:45,(anonymous_9)
FN:48,Button
FN:54,render
FNF:11
FNH:11
FNDA:2,(anonymous_1)
FNDA:4,_interopRequireDefault
FNDA:1,_defaults
FNDA:14,_defineProperty
FNDA:2,_objectWithoutProperties
FNDA:2,_classCallCheck
FNDA:2,_possibleConstructorReturn
FNDA:1,_inherits
FNDA:1,(anonymous_9)
FNDA:2,Button
FNDA:2,render
DA:3,8
DA:5,1
DA:7,1
DA:9,1
DA:11,1
DA:13,1
DA:15,1
DA:17,1
DA:19,1
DA:21,4
DA:23,5
DA:25,14
DA:27,20
DA:29,2
DA:31,2
DA:33,1
DA:35,1
DA:39,1
DA:45,1
DA:46,1
DA:48,1
DA:49,2
DA:51,2
DA:54,1
DA:55,2
DA:57,2
DA:59,2
DA:71,2
DA:72,2
DA:73,2
DA:85,1
DA:88,1
DA:89,1
DA:102,1
DA:115,1
LF:35
LH:35
BRDA:3,1,0,1
BRDA:3,1,1,1
BRDA:3,2,0,8
BRDA:3,2,1,0
BRDA:21,3,0,0
BRDA:21,3,1,4
BRDA:21,4,0,4
BRDA:21,4,1,4
BRDA:23,5,0,0
BRDA:23,5,1,5
BRDA:23,6,0,5
BRDA:23,6,1,5
BRDA:23,6,2,0
BRDA:25,7,0,0
BRDA:25,7,1,14
BRDA:27,8,0,18
BRDA:27,8,1,2
BRDA:27,9,0,0
BRDA:27,9,1,2
BRDA:29,10,0,0
BRDA:29,10,1,2
BRDA:31,11,0,0
BRDA:31,11,1,2
BRDA:31,12,0,0
BRDA:31,12,1,2
BRDA:31,13,0,2
BRDA:31,13,1,0
BRDA:31,13,2,0
BRDA:33,14,0,0
BRDA:33,14,1,1
BRDA:33,15,0,1
BRDA:33,15,1,0
BRDA:33,16,0,1
BRDA:33,16,1,1
BRDA:33,17,0,1
BRDA:33,17,1,0
BRDA:33,18,0,0
BRDA:33,18,1,1
BRDA:71,19,0,0
BRDA:71,19,1,2
BRDA:72,20,0,2
BRDA:72,20,1,0
BRDA:80,21,0,1
BRDA:80,21,1,1
BRF:44
BRH:27
end_of_record
TN:
SF:/Users/ens/pwd/uxcore/uxcore-button/src/Loading.jsx
FN:15,_interopRequireDefault
FN:17,Loading
FNF:2
FNH:2
FNDA:2,_interopRequireDefault
FNDA:1,Loading
DA:3,1
DA:7,1
DA:9,1
DA:11,1
DA:13,1
DA:15,2
DA:17,1
DA:18,1
DA:25,1
DA:29,1
DA:30,1
LF:11
LH:11
BRDA:15,1,0,0
BRDA:15,1,1,2
BRDA:15,2,0,2
BRDA:15,2,1,2
BRF:4
BRH:3
end_of_record
